timestamp pid %mem RES_KiB VIRT_KiB command
1754948544     PID %MEM   RSS    VSZ COMMAND
   2978  0.4 160616 3687340 beam.smp
1754948545     PID %MEM   RSS    VSZ COMMAND
   2978  0.4 160616 3687340 beam.smp
1754948546     PID %MEM   RSS    VSZ COMMAND
   2978  0.4 160616 3687340 beam.smp
1754948547     PID %MEM   RSS    VSZ COMMAND
   2978  0.4 160616 3687340 beam.smp
1754948548     PID %MEM   RSS    VSZ COMMAND
   2978  0.4 160616 3687340 beam.smp
1754948549     PID %MEM   RSS    VSZ COMMAND
   2978  0.4 160616 3687340 beam.smp
1754948550     PID %MEM   RSS    VSZ COMMAND
   2978  0.4 160616 3687340 beam.smp
1754948551     PID %MEM   RSS    VSZ COMMAND
   2978  0.4 160616 3687340 beam.smp
1754948552     PID %MEM   RSS    VSZ COMMAND
   2978  0.4 160616 3687340 beam.smp
1754948553     PID %MEM   RSS    VSZ COMMAND
   2978  0.4 160616 3687340 beam.smp
1754948554     PID %MEM   RSS    VSZ COMMAND
   2978  0.4 160616 3687340 beam.smp
1754948555     PID %MEM   RSS    VSZ COMMAND
   2978  0.4 160616 3687340 beam.smp
1754948556     PID %MEM   RSS    VSZ COMMAND
   2978  0.4 160616 3687340 beam.smp
1754948557     PID %MEM   RSS    VSZ COMMAND
  16823  0.5 186396 12056444 java
1754948558     PID %MEM   RSS    VSZ COMMAND
   2978  0.4 160616 3687340 beam.smp
1754948559     PID %MEM   RSS    VSZ COMMAND
   2978  0.4 160616 3687340 beam.smp
1754948560     PID %MEM   RSS    VSZ COMMAND
   2978  0.4 160616 3686828 beam.smp
1754948561     PID %MEM   RSS    VSZ COMMAND
   2978  0.4 160616 3686828 beam.smp
1754948562     PID %MEM   RSS    VSZ COMMAND
  16921  1.4 459468 5199224 java
1754948563     PID %MEM   RSS    VSZ COMMAND
   2978  0.4 160616 3689396 beam.smp
1754948564     PID %MEM   RSS    VSZ COMMAND
   2978  0.4 160616 3686828 beam.smp
1754948565     PID %MEM   RSS    VSZ COMMAND
   3949  0.5 175820 2680756 mrvaagent
1754948566     PID %MEM   RSS    VSZ COMMAND
  17161  1.0 360700 5199216 java
1754948567     PID %MEM   RSS    VSZ COMMAND
  17161  1.9 644772 5199968 java
1754948568     PID %MEM   RSS    VSZ COMMAND
   3949  0.5 175820 2680756 mrvaagent
1754948569     PID %MEM   RSS    VSZ COMMAND
   2978  0.4 160616 3686828 beam.smp
1754948570     PID %MEM   RSS    VSZ COMMAND
   2978  0.4 160616 3686828 beam.smp
1754948571     PID %MEM   RSS    VSZ COMMAND
  17351  1.2 396860 5199216 java
1754948572     PID %MEM   RSS    VSZ COMMAND
   2978  0.4 160616 3686828 beam.smp
1754948573     PID %MEM   RSS    VSZ COMMAND
   3949  0.4 162280 2681012 mrvaagent
1754948574     PID %MEM   RSS    VSZ COMMAND
   2978  0.4 160616 3686828 beam.smp
1754948575     PID %MEM   RSS    VSZ COMMAND
  17531  1.1 381072 5199216 java
1754948576     PID %MEM   RSS    VSZ COMMAND
  17531  1.8 613216 5214028 java
1754948577     PID %MEM   RSS    VSZ COMMAND
  17640  0.6 209088 11921032 java
1754948578     PID %MEM   RSS    VSZ COMMAND
   2978  0.4 160616 3686828 beam.smp
1754948579     PID %MEM   RSS    VSZ COMMAND
  17721  0.5 177408 5083084 java
1754948580     PID %MEM   RSS    VSZ COMMAND
  17721  1.4 480936 5083092 java
1754948581     PID %MEM   RSS    VSZ COMMAND
  17721  2.4 818116 5103532 java
1754948582     PID %MEM   RSS    VSZ COMMAND
   2978  0.4 160616 3687340 beam.smp
1754948583     PID %MEM   RSS    VSZ COMMAND
   3949  0.4 162168 2681012 mrvaagent
1754948584     PID %MEM   RSS    VSZ COMMAND
   3949  0.4 162168 2681012 mrvaagent
1754948586     PID %MEM   RSS    VSZ COMMAND
   3949  0.4 162168 2681012 mrvaagent
1754948587     PID %MEM   RSS    VSZ COMMAND
   3949  0.4 162168 2681012 mrvaagent
1754948588     PID %MEM   RSS    VSZ COMMAND
   3949  0.4 162168 2681012 mrvaagent
1754948589     PID %MEM   RSS    VSZ COMMAND
   3949  0.4 162168 2681012 mrvaagent
1754948590     PID %MEM   RSS    VSZ COMMAND
   3949  0.4 162168 2681012 mrvaagent
